# This is the CMakeCache file.
# For build in directory: /Users/kamal/git_/Kamalkant-/7th task (ROS2 Intermediate)/build/geometry_tutorials
# It was generated by CMake: /Users/kamal/miniconda3/envs/ros_hum/bin/cmake
# You can edit this file to change values found and used by cmake.
# If you do not want to change any of the values, simply exit the editor.
# If you do want to change a value, simply edit, save, and exit the editor.
# The syntax for the file is as follows:
# KEY:TYPE=VALUE
# KEY is the name of a variable in the cache.
# TYPE is a hint to GUIs for the type of VALUE, DO NOT EDIT TYPE!.
# VALUE is the current value for the KEY.

########################
# EXTERNAL cache entries
########################

//Generate environment files in the CMAKE_INSTALL_PREFIX
AMENT_CMAKE_ENVIRONMENT_GENERATION:BOOL=OFF

//Generate environment files in the package share folder
AMENT_CMAKE_ENVIRONMENT_PACKAGE_GENERATION:BOOL=ON

//Generate marker file containing the parent prefix path
AMENT_CMAKE_ENVIRONMENT_PARENT_PREFIX_PATH_GENERATION:BOOL=ON

//Replace the CMake install command with a custom implementation
// using symlinks instead of copying resources
AMENT_CMAKE_SYMLINK_INSTALL:BOOL=OFF

//Generate an uninstall target to revert the effects of the install
// step
AMENT_CMAKE_UNINSTALL_TARGET:BOOL=ON

//The path where test results are generated
AMENT_TEST_RESULTS_DIR:PATH=/Users/kamal/git_/Kamalkant-/7th task (ROS2 Intermediate)/build/geometry_tutorials/test_results

//Build the testing tree.
BUILD_TESTING:BOOL=ON

//Enable/Disable color output during build.
CMAKE_COLOR_MAKEFILE:BOOL=ON

//Enable/Disable output of compile commands during generation.
CMAKE_EXPORT_COMPILE_COMMANDS:BOOL=

//Value Computed by CMake.
CMAKE_FIND_PACKAGE_REDIRECTS_DIR:STATIC=/Users/kamal/git_/Kamalkant-/7th task (ROS2 Intermediate)/build/geometry_tutorials/CMakeFiles/pkgRedirects

//Path to a program.
CMAKE_INSTALL_NAME_TOOL:FILEPATH=/Users/kamal/miniconda3/envs/ros_hum/bin/install_name_tool

//Install path prefix, prepended onto install directories.
CMAKE_INSTALL_PREFIX:PATH=/Users/kamal/git_/Kamalkant-/7th task (ROS2 Intermediate)/install/geometry_tutorials

//Path to a program.
CMAKE_MAKE_PROGRAM:FILEPATH=/Users/kamal/miniconda3/envs/ros_hum/bin/make

//Build architectures for OSX
CMAKE_OSX_ARCHITECTURES:STRING=

//Minimum OS X version to target for deployment (at runtime); newer
// APIs weak linked. Set to empty string for default value.
CMAKE_OSX_DEPLOYMENT_TARGET:STRING=

//The product will be built against the headers and libraries located
// inside the indicated SDK.
CMAKE_OSX_SYSROOT:PATH=/Applications/Xcode.app/Contents/Developer/Platforms/MacOSX.platform/Developer/SDKs/MacOSX.sdk

//Value Computed by CMake
CMAKE_PROJECT_DESCRIPTION:STATIC=

//Value Computed by CMake
CMAKE_PROJECT_HOMEPAGE_URL:STATIC=

//Value Computed by CMake
CMAKE_PROJECT_NAME:STATIC=geometry_tutorials

//If set, runtime paths are not added when installing shared libraries,
// but are added when building.
CMAKE_SKIP_INSTALL_RPATH:BOOL=NO

//If set, runtime paths are not added when using shared libraries.
CMAKE_SKIP_RPATH:BOOL=NO

//If this value is on, makefiles will be generated without the
// .SILENT directive, and all commands will be echoed to the console
// during the make.  This is useful for debugging only. With Visual
// Studio IDE projects all commands are done without /nologo.
CMAKE_VERBOSE_MAKEFILE:BOOL=FALSE

//Name of the computer/site where compile is being run
SITE:STRING=KAMALKANTs-MacBook-Air.local

//The directory containing a CMake configuration file for ament_cmake.
ament_cmake_DIR:PATH=/Users/kamal/miniconda3/envs/ros_hum/share/ament_cmake/cmake

//The directory containing a CMake configuration file for ament_cmake_core.
ament_cmake_core_DIR:PATH=/Users/kamal/miniconda3/envs/ros_hum/share/ament_cmake_core/cmake

//The directory containing a CMake configuration file for ament_cmake_export_definitions.
ament_cmake_export_definitions_DIR:PATH=/Users/kamal/miniconda3/envs/ros_hum/share/ament_cmake_export_definitions/cmake

//The directory containing a CMake configuration file for ament_cmake_export_dependencies.
ament_cmake_export_dependencies_DIR:PATH=/Users/kamal/miniconda3/envs/ros_hum/share/ament_cmake_export_dependencies/cmake

//The directory containing a CMake configuration file for ament_cmake_export_include_directories.
ament_cmake_export_include_directories_DIR:PATH=/Users/kamal/miniconda3/envs/ros_hum/share/ament_cmake_export_include_directories/cmake

//The directory containing a CMake configuration file for ament_cmake_export_interfaces.
ament_cmake_export_interfaces_DIR:PATH=/Users/kamal/miniconda3/envs/ros_hum/share/ament_cmake_export_interfaces/cmake

//The directory containing a CMake configuration file for ament_cmake_export_libraries.
ament_cmake_export_libraries_DIR:PATH=/Users/kamal/miniconda3/envs/ros_hum/share/ament_cmake_export_libraries/cmake

//The directory containing a CMake configuration file for ament_cmake_export_link_flags.
ament_cmake_export_link_flags_DIR:PATH=/Users/kamal/miniconda3/envs/ros_hum/share/ament_cmake_export_link_flags/cmake

//The directory containing a CMake configuration file for ament_cmake_export_targets.
ament_cmake_export_targets_DIR:PATH=/Users/kamal/miniconda3/envs/ros_hum/share/ament_cmake_export_targets/cmake

//The directory containing a CMake configuration file for ament_cmake_gen_version_h.
ament_cmake_gen_version_h_DIR:PATH=/Users/kamal/miniconda3/envs/ros_hum/share/ament_cmake_gen_version_h/cmake

//The directory containing a CMake configuration file for ament_cmake_include_directories.
ament_cmake_include_directories_DIR:PATH=/Users/kamal/miniconda3/envs/ros_hum/share/ament_cmake_include_directories/cmake

//The directory containing a CMake configuration file for ament_cmake_libraries.
ament_cmake_libraries_DIR:PATH=/Users/kamal/miniconda3/envs/ros_hum/share/ament_cmake_libraries/cmake

//The directory containing a CMake configuration file for ament_cmake_python.
ament_cmake_python_DIR:PATH=/Users/kamal/miniconda3/envs/ros_hum/share/ament_cmake_python/cmake

//The directory containing a CMake configuration file for ament_cmake_target_dependencies.
ament_cmake_target_dependencies_DIR:PATH=/Users/kamal/miniconda3/envs/ros_hum/share/ament_cmake_target_dependencies/cmake

//The directory containing a CMake configuration file for ament_cmake_test.
ament_cmake_test_DIR:PATH=/Users/kamal/miniconda3/envs/ros_hum/share/ament_cmake_test/cmake

//The directory containing a CMake configuration file for ament_cmake_version.
ament_cmake_version_DIR:PATH=/Users/kamal/miniconda3/envs/ros_hum/share/ament_cmake_version/cmake

//Value Computed by CMake
geometry_tutorials_BINARY_DIR:STATIC=/Users/kamal/git_/Kamalkant-/7th task (ROS2 Intermediate)/build/geometry_tutorials

//Value Computed by CMake
geometry_tutorials_IS_TOP_LEVEL:STATIC=ON

//Value Computed by CMake
geometry_tutorials_SOURCE_DIR:STATIC=/Users/kamal/git_/Kamalkant-/7th task (ROS2 Intermediate)/src/geometry_tutorials/geometry_tutorials


########################
# INTERNAL cache entries
########################

//This is the directory where this CMakeCache.txt was created
CMAKE_CACHEFILE_DIR:INTERNAL=/Users/kamal/git_/Kamalkant-/7th task (ROS2 Intermediate)/build/geometry_tutorials
//Major version of cmake used to create the current loaded cache
CMAKE_CACHE_MAJOR_VERSION:INTERNAL=3
//Minor version of cmake used to create the current loaded cache
CMAKE_CACHE_MINOR_VERSION:INTERNAL=28
//Patch version of cmake used to create the current loaded cache
CMAKE_CACHE_PATCH_VERSION:INTERNAL=3
//ADVANCED property for variable: CMAKE_COLOR_MAKEFILE
CMAKE_COLOR_MAKEFILE-ADVANCED:INTERNAL=1
//Path to CMake executable.
CMAKE_COMMAND:INTERNAL=/Users/kamal/miniconda3/envs/ros_hum/bin/cmake
//Path to cpack program executable.
CMAKE_CPACK_COMMAND:INTERNAL=/Users/kamal/miniconda3/envs/ros_hum/bin/cpack
//Path to ctest program executable.
CMAKE_CTEST_COMMAND:INTERNAL=/Users/kamal/miniconda3/envs/ros_hum/bin/ctest
//Path to cache edit program executable.
CMAKE_EDIT_COMMAND:INTERNAL=/Users/kamal/miniconda3/envs/ros_hum/bin/ccmake
//ADVANCED property for variable: CMAKE_EXPORT_COMPILE_COMMANDS
CMAKE_EXPORT_COMPILE_COMMANDS-ADVANCED:INTERNAL=1
//Name of external makefile project generator.
CMAKE_EXTRA_GENERATOR:INTERNAL=
//Name of generator.
CMAKE_GENERATOR:INTERNAL=Unix Makefiles
//Generator instance identifier.
CMAKE_GENERATOR_INSTANCE:INTERNAL=
//Name of generator platform.
CMAKE_GENERATOR_PLATFORM:INTERNAL=
//Name of generator toolset.
CMAKE_GENERATOR_TOOLSET:INTERNAL=
//Source directory with the top level CMakeLists.txt file for this
// project
CMAKE_HOME_DIRECTORY:INTERNAL=/Users/kamal/git_/Kamalkant-/7th task (ROS2 Intermediate)/src/geometry_tutorials/geometry_tutorials
//ADVANCED property for variable: CMAKE_INSTALL_NAME_TOOL
CMAKE_INSTALL_NAME_TOOL-ADVANCED:INTERNAL=1
//ADVANCED property for variable: CMAKE_MAKE_PROGRAM
CMAKE_MAKE_PROGRAM-ADVANCED:INTERNAL=1
//number of local generators
CMAKE_NUMBER_OF_MAKEFILES:INTERNAL=1
//Platform information initialized
CMAKE_PLATFORM_INFO_INITIALIZED:INTERNAL=1
//Path to CMake installation.
CMAKE_ROOT:INTERNAL=/Users/kamal/miniconda3/envs/ros_hum/share/cmake-3.28
//ADVANCED property for variable: CMAKE_SKIP_INSTALL_RPATH
CMAKE_SKIP_INSTALL_RPATH-ADVANCED:INTERNAL=1
//ADVANCED property for variable: CMAKE_SKIP_RPATH
CMAKE_SKIP_RPATH-ADVANCED:INTERNAL=1
//uname command
CMAKE_UNAME:INTERNAL=/Users/kamal/miniconda3/envs/ros_hum/bin/uname
//ADVANCED property for variable: CMAKE_VERBOSE_MAKEFILE
CMAKE_VERBOSE_MAKEFILE-ADVANCED:INTERNAL=1
//Details about finding Python3
FIND_PACKAGE_MESSAGE_DETAILS_Python3:INTERNAL=[/opt/homebrew/Frameworks/Python.framework/Versions/3.13/bin/python3.13][cfound components: Interpreter ][v3.13.2()]
//Compiler reason failure
_Python3_Compiler_REASON_FAILURE:INTERNAL=
//Development reason failure
_Python3_Development_REASON_FAILURE:INTERNAL=
//Path to a program.
_Python3_EXECUTABLE:INTERNAL=/opt/homebrew/Frameworks/Python.framework/Versions/3.13/bin/python3.13
//Python3 Properties
_Python3_INTERPRETER_PROPERTIES:INTERNAL=Python;3;13;2;64;;cpython-313-darwin;abi3;/opt/homebrew/opt/python@3.13/Frameworks/Python.framework/Versions/3.13/lib/python3.13;/opt/homebrew/opt/python@3.13/Frameworks/Python.framework/Versions/3.13/lib/python3.13;/opt/homebrew/lib/python3.13/site-packages;/opt/homebrew/lib/python3.13/site-packages
_Python3_INTERPRETER_SIGNATURE:INTERNAL=7a1f714cc7198cb3c0d06752fabdd0bf
//NumPy reason failure
_Python3_NumPy_REASON_FAILURE:INTERNAL=

